  MatricesDinamicas.cpp
C:\Users\ariel\Desktop\Ariel\U\3\Estructura\GrupoEstructuraDatos\MatricesDinamicas\MatricesDinamicas\Operaciones.cpp(45,12): warning C4244: 'argumento': conversión de 'time_t' a 'unsigned int'; posible pérdida de datos
C:\Users\ariel\Desktop\Ariel\U\3\Estructura\GrupoEstructuraDatos\MatricesDinamicas\MatricesDinamicas\Operaciones.cpp(44,30): message : al compilar la función del miembro clase plantilla "T **Operaciones<T>::generar(void)"
          with
          [
              T=int
          ]
C:\Users\ariel\Desktop\Ariel\U\3\Estructura\GrupoEstructuraDatos\MatricesDinamicas\MatricesDinamicas\MatricesDinamicas.cpp(17,22): message : Vea la referencia a la creación de una instancia de la función plantilla "T **Operaciones<T>::generar(void)" que se está compilando
          with
          [
              T=int
          ]
C:\Users\ariel\Desktop\Ariel\U\3\Estructura\GrupoEstructuraDatos\MatricesDinamicas\MatricesDinamicas\MatricesDinamicas.cpp(15,39): message : Vea la referencia a la creación de una instancia de clase plantilla "Operaciones<int>" que se está compilando
C:\Users\ariel\Desktop\Ariel\U\3\Estructura\GrupoEstructuraDatos\MatricesDinamicas\MatricesDinamicas\Operaciones.cpp(49,31): warning C4244: '=': conversión de 'double' a 'T'; posible pérdida de datos
          with
          [
              T=int
          ]
  Matriz.cpp
  Operaciones.cpp
  Generando código...
  LINK : no se encontró C:\Users\ariel\Desktop\Ariel\U\3\Estructura\GrupoEstructuraDatos\MatricesDinamicas\x64\Debug\MatricesDinamicas.exe o no lo generó el último vínculo incremental; ejecutando vínculo completo
  MatricesDinamicas.vcxproj -> C:\Users\ariel\Desktop\Ariel\U\3\Estructura\GrupoEstructuraDatos\MatricesDinamicas\x64\Debug\MatricesDinamicas.exe
